<?xml version="1.0" encoding="UTF-8"?>
<testng-results skipped="0" failed="0" total="1" passed="1">
  <reporter-output>
  </reporter-output>
  <suite name="Default suite" duration-ms="62" started-at="2018-03-27T16:37:15Z" finished-at="2018-03-27T16:37:15Z">
    <groups>
    </groups>
    <test name="Default test" duration-ms="62" started-at="2018-03-27T16:37:15Z" finished-at="2018-03-27T16:37:15Z">
      <class name="com.qsp.tests.SampleTest">
        <test-method status="PASS" signature="testSample()[pri:0, instance:com.qsp.tests.SampleTest@3dd3bcd]" name="testSample" duration-ms="16" started-at="2018-03-27T22:07:15Z" finished-at="2018-03-27T22:07:15Z">
          <reporter-output>
          </reporter-output>
        </test-method> <!-- testSample -->
      </class> <!-- com.qsp.tests.SampleTest -->
    </test> <!-- Default test -->
  </suite> <!-- Default suite -->
</testng-results>
